CON#NN 0002 0002 ;connect external ram to port 2

OUT#NN 0002 000F ;set external ram to WRITE

OUT#NN 0002 DEAD ;select address 0xDEAD

OUT#NN 0002 BEEF ;write data 0xBEEF

OUT#NN 0002 0000    ;send and flush

OUT#NN 0002 0001 ;set external ram to read

OUT#NN 0002 DEAD ;select addr 0xDEAD

OUT#NN 0002 0000 ;send and flush

INP#NA 0002 0000 ;read to reg A

HLT#NN 0000 0000 ;halt





Program Counter: 0
OPCODE: CON#NN 0002 0002
A: 0x0
B: 0x0
C: 0x0
X: 0x0
Y: 0x0
Z: 0x0
F: 0x0
H: 0x0

Echo: 

Program Counter: 4
OPCODE: OUT#NN 0002 000F
A: 0x0
B: 0x0
C: 0x0
X: 0x0
Y: 0x0
Z: 0x0
F: 0x0
H: 0x0

Echo: 

Program Counter: 8
OPCODE: OUT#NN 0002 DEAD
A: 0x0
B: 0x0
C: 0x0
X: 0x0
Y: 0x0
Z: 0x0
F: 0x0
H: 0x0

Echo: 

Program Counter: 12
OPCODE: OUT#NN 0002 BEEF
A: 0x0
B: 0x0
C: 0x0
X: 0x0
Y: 0x0
Z: 0x0
F: 0x0
H: 0x0

Echo: 

Program Counter: 16
OPCODE: OUT#NN 0002 0000
A: 0x0
B: 0x0
C: 0x0
X: 0x0
Y: 0x0
Z: 0x0
F: 0x0
H: 0x0

Echo: 

Program Counter: 20
OPCODE: OUT#NN 0002 0001
A: 0x0
B: 0x0
C: 0x0
X: 0x0
Y: 0x0
Z: 0x0
F: 0x0
H: 0x0

Echo: 

Program Counter: 24
OPCODE: OUT#NN 0002 DEAD
A: 0x0
B: 0x0
C: 0x0
X: 0x0
Y: 0x0
Z: 0x0
F: 0x0
H: 0x0

Echo: 

Program Counter: 28
OPCODE: OUT#NN 0002 0000
A: 0x0
B: 0x0
C: 0x0
X: 0x0
Y: 0x0
Z: 0x0
F: 0x0
H: 0x0

Echo: 

Program Counter: 32
OPCODE: INP#NA 0002 0000
A: 0x0
B: 0x0
C: 0x0
X: 0x0
Y: 0x0
Z: 0x0
F: 0x0
H: 0x0

Echo: 

Program Counter: 36
OPCODE: HLT#NN 0000 0000
A: 0xbeef
B: 0x0
C: 0x0
X: 0x0
Y: 0x0
Z: 0x0
F: 0x0
H: 0x0

Echo: 

Total instructions ran: 9
CON#NN 0002 0002 ;connect external ram to port 2

OUT#NN 0002 000F ;set external ram to WRITE

OUT#NN 0002 DEAD ;select address 0xDEAD

OUT#NN 0002 BEEF ;write data 0xBEEF

OUT#NN 0002 0000    ;send and flush

OUT#NN 0002 0001 ;set external ram to read

OUT#NN 0002 DEAD ;select addr 0xDEAD

OUT#NN 0002 0000 ;send and flush

INP#NA 0002 0000 ;read to reg A

HLT#NN 0000 0000 ;halt





Program Counter: 0
OPCODE: CON#NN 0002 0002
A: 0x0
B: 0x0
C: 0x0
X: 0x0
Y: 0x0
Z: 0x0
F: 0x0
H: 0x0

Echo: 

Program Counter: 4
OPCODE: OUT#NN 0002 000F
A: 0x0
B: 0x0
C: 0x0
X: 0x0
Y: 0x0
Z: 0x0
F: 0x0
H: 0x0

Echo: 

Program Counter: 8
OPCODE: OUT#NN 0002 DEAD
A: 0x0
B: 0x0
C: 0x0
X: 0x0
Y: 0x0
Z: 0x0
F: 0x0
H: 0x0

Echo: 

Program Counter: 12
OPCODE: OUT#NN 0002 BEEF
A: 0x0
B: 0x0
C: 0x0
X: 0x0
Y: 0x0
Z: 0x0
F: 0x0
H: 0x0

Echo: 

Program Counter: 16
OPCODE: OUT#NN 0002 0000
A: 0x0
B: 0x0
C: 0x0
X: 0x0
Y: 0x0
Z: 0x0
F: 0x0
H: 0x0

Echo: 

Program Counter: 20
OPCODE: OUT#NN 0002 0001
A: 0x0
B: 0x0
C: 0x0
X: 0x0
Y: 0x0
Z: 0x0
F: 0x0
H: 0x0

Echo: 

Program Counter: 24
OPCODE: OUT#NN 0002 DEAD
A: 0x0
B: 0x0
C: 0x0
X: 0x0
Y: 0x0
Z: 0x0
F: 0x0
H: 0x0

Echo: 

Program Counter: 28
OPCODE: OUT#NN 0002 0000
A: 0x0
B: 0x0
C: 0x0
X: 0x0
Y: 0x0
Z: 0x0
F: 0x0
H: 0x0

Echo: 

Program Counter: 32
OPCODE: INP#NA 0002 0000
A: 0x0
B: 0x0
C: 0x0
X: 0x0
Y: 0x0
Z: 0x0
F: 0x0
H: 0x0

Echo: 

Program Counter: 36
OPCODE: HLT#NN 0000 0000
A: 0xbeef
B: 0x0
C: 0x0
X: 0x0
Y: 0x0
Z: 0x0
F: 0x0
H: 0x0

Echo: 

Total instructions ran: 9
CON#NN 0002 0002 ;connect external ram to port 2

OUT#NN 0002 000F ;set external ram to WRITE

OUT#NN 0002 DEAD ;select address 0xDEAD

OUT#NN 0002 BEEF ;write data 0xBEEF

OUT#NN 0002 0000    ;send and flush

OUT#NN 0002 0001 ;set external ram to read

OUT#NN 0002 DEAD ;select addr 0xDEAD

OUT#NN 0002 0000 ;send and flush

INP#NA 0002 0000 ;read to reg A

HLT#NN 0000 0000 ;halt





Program Counter: 0
OPCODE: CON#NN 0002 0002
A: 0x0
B: 0x0
C: 0x0
X: 0x0
Y: 0x0
Z: 0x0
F: 0x0
H: 0x0

Echo: 

Program Counter: 4
OPCODE: OUT#NN 0002 000F
A: 0x0
B: 0x0
C: 0x0
X: 0x0
Y: 0x0
Z: 0x0
F: 0x0
H: 0x0

Echo: 

Program Counter: 8
OPCODE: OUT#NN 0002 DEAD
A: 0x0
B: 0x0
C: 0x0
X: 0x0
Y: 0x0
Z: 0x0
F: 0x0
H: 0x0

Echo: 

Program Counter: 12
OPCODE: OUT#NN 0002 BEEF
A: 0x0
B: 0x0
C: 0x0
X: 0x0
Y: 0x0
Z: 0x0
F: 0x0
H: 0x0

Echo: 

Program Counter: 16
OPCODE: OUT#NN 0002 0000
A: 0x0
B: 0x0
C: 0x0
X: 0x0
Y: 0x0
Z: 0x0
F: 0x0
H: 0x0

Echo: 

Program Counter: 20
OPCODE: OUT#NN 0002 0001
A: 0x0
B: 0x0
C: 0x0
X: 0x0
Y: 0x0
Z: 0x0
F: 0x0
H: 0x0

Echo: 

Program Counter: 24
OPCODE: OUT#NN 0002 DEAD
A: 0x0
B: 0x0
C: 0x0
X: 0x0
Y: 0x0
Z: 0x0
F: 0x0
H: 0x0

Echo: 

Program Counter: 28
OPCODE: OUT#NN 0002 0000
A: 0x0
B: 0x0
C: 0x0
X: 0x0
Y: 0x0
Z: 0x0
F: 0x0
H: 0x0

Echo: 

Program Counter: 32
OPCODE: INP#NA 0002 0000
A: 0x0
B: 0x0
C: 0x0
X: 0x0
Y: 0x0
Z: 0x0
F: 0x0
H: 0x0

Echo: 

Program Counter: 36
OPCODE: HLT#NN 0000 0000
A: 0xbeef
B: 0x0
C: 0x0
X: 0x0
Y: 0x0
Z: 0x0
F: 0x0
H: 0x0

Echo: 

Total instructions ran: 9
CON#NN 0002 0002 ;connect external ram to port 2

OUT#NN 0002 000F ;set external ram to WRITE

OUT#NN 0002 DEAD ;select address 0xDEAD

OUT#NN 0002 BEEF ;write data 0xBEEF

OUT#NN 0002 0000    ;send and flush

OUT#NN 0002 0001 ;set external ram to read

OUT#NN 0002 DEAD ;select addr 0xDEAD

OUT#NN 0002 0000 ;send and flush

INP#NA 0002 0000 ;read to reg A

HLT#NN 0000 0000 ;halt





Program Counter: 0
OPCODE: CON#NN 0002 0002
A: 0x0
B: 0x0
C: 0x0
X: 0x0
Y: 0x0
Z: 0x0
F: 0x0
H: 0x0

Echo: 

Program Counter: 4
OPCODE: OUT#NN 0002 000F
A: 0x0
B: 0x0
C: 0x0
X: 0x0
Y: 0x0
Z: 0x0
F: 0x0
H: 0x0

Echo: 

Program Counter: 8
OPCODE: OUT#NN 0002 DEAD
A: 0x0
B: 0x0
C: 0x0
X: 0x0
Y: 0x0
Z: 0x0
F: 0x0
H: 0x0

Echo: 

Program Counter: 12
OPCODE: OUT#NN 0002 BEEF
A: 0x0
B: 0x0
C: 0x0
X: 0x0
Y: 0x0
Z: 0x0
F: 0x0
H: 0x0

Echo: 

Program Counter: 16
OPCODE: OUT#NN 0002 0000
A: 0x0
B: 0x0
C: 0x0
X: 0x0
Y: 0x0
Z: 0x0
F: 0x0
H: 0x0

Echo: 

Program Counter: 20
OPCODE: OUT#NN 0002 0001
A: 0x0
B: 0x0
C: 0x0
X: 0x0
Y: 0x0
Z: 0x0
F: 0x0
H: 0x0

Echo: 

Program Counter: 24
OPCODE: OUT#NN 0002 DEAD
A: 0x0
B: 0x0
C: 0x0
X: 0x0
Y: 0x0
Z: 0x0
F: 0x0
H: 0x0

Echo: 

Program Counter: 28
OPCODE: OUT#NN 0002 0000
A: 0x0
B: 0x0
C: 0x0
X: 0x0
Y: 0x0
Z: 0x0
F: 0x0
H: 0x0

Echo: 

Program Counter: 32
OPCODE: INP#NA 0002 0000
A: 0x0
B: 0x0
C: 0x0
X: 0x0
Y: 0x0
Z: 0x0
F: 0x0
H: 0x0

Echo: 

Program Counter: 36
OPCODE: HLT#NN 0000 0000
A: 0xbeef
B: 0x0
C: 0x0
X: 0x0
Y: 0x0
Z: 0x0
F: 0x0
H: 0x0

Echo: 

Total instructions ran: 9
CON#NN 0002 0002 ;connect external ram to port 2

OUT#NN 0002 000F ;set external ram to WRITE

OUT#NN 0002 DEAD ;select address 0xDEAD

OUT#NN 0002 BEEF ;write data 0xBEEF

OUT#NN 0002 0000    ;send and flush

OUT#NN 0002 0001 ;set external ram to read

OUT#NN 0002 DEAD ;select addr 0xDEAD

OUT#NN 0002 0000 ;send and flush

INP#NA 0002 0000 ;read to reg A

HLT#NN 0000 0000 ;halt





Program Counter: 0
OPCODE: CON#NN 0002 0002
A: 0x0
B: 0x0
C: 0x0
X: 0x0
Y: 0x0
Z: 0x0
F: 0x0
H: 0x2

Echo: 

Program Counter: 4
OPCODE: OUT#NN 0002 000F
A: 0x0
B: 0x0
C: 0x0
X: 0x0
Y: 0x0
Z: 0x0
F: 0x0
H: 0x2

Echo: 

Program Counter: 8
OPCODE: OUT#NN 0002 DEAD
A: 0x0
B: 0x0
C: 0x0
X: 0x0
Y: 0x0
Z: 0x0
F: 0x0
H: 0x2

Echo: 

Program Counter: 12
OPCODE: OUT#NN 0002 BEEF
A: 0x0
B: 0x0
C: 0x0
X: 0x0
Y: 0x0
Z: 0x0
F: 0x0
H: 0x2

Echo: 

Program Counter: 16
OPCODE: OUT#NN 0002 0000
A: 0x0
B: 0x0
C: 0x0
X: 0x0
Y: 0x0
Z: 0x0
F: 0x0
H: 0x2

Echo: 

Program Counter: 20
OPCODE: OUT#NN 0002 0001
A: 0x0
B: 0x0
C: 0x0
X: 0x0
Y: 0x0
Z: 0x0
F: 0x0
H: 0x2

Echo: 

Program Counter: 24
OPCODE: OUT#NN 0002 DEAD
A: 0x0
B: 0x0
C: 0x0
X: 0x0
Y: 0x0
Z: 0x0
F: 0x0
H: 0x2

Echo: 

Program Counter: 28
OPCODE: OUT#NN 0002 0000
A: 0x0
B: 0x0
C: 0x0
X: 0x0
Y: 0x0
Z: 0x0
F: 0x0
H: 0x2

Echo: 

Program Counter: 32
OPCODE: INP#NA 0002 0000
A: 0x0
B: 0x0
C: 0x0
X: 0x0
Y: 0x0
Z: 0x0
F: 0x0
H: 0x2

Echo: 

Program Counter: 36
OPCODE: HLT#NN 0000 0000
A: 0xbeef
B: 0x0
C: 0x0
X: 0x0
Y: 0x0
Z: 0x0
F: 0x0
H: 0x2

Echo: 

Total instructions ran: 9
CON#NN 0002 0002 ;connect external ram to port 2

OUT#NN 0002 000F ;set external ram to WRITE

OUT#NN 0002 DEAD ;select address 0xDEAD

OUT#NN 0002 BEEF ;write data 0xBEEF

OUT#NN 0002 0000    ;send and flush

OUT#NN 0002 0001 ;set external ram to read

OUT#NN 0002 DEAD ;select addr 0xDEAD

OUT#NN 0002 0000 ;send and flush

INP#NA 0002 0000 ;read to reg A

HLT#NN 0000 0000 ;halt





Program Counter: 0
OPCODE: CON#NN 0002 0002
A: 0x0
B: 0x0
C: 0x0
X: 0x0
Y: 0x0
Z: 0x0
F: 0x0
H: 0x0

Echo: 

Program Counter: 4
OPCODE: OUT#NN 0002 000F
A: 0x0
B: 0x0
C: 0x0
X: 0x0
Y: 0x0
Z: 0x0
F: 0x0
H: 0x0

Echo: 

Program Counter: 8
OPCODE: OUT#NN 0002 DEAD
A: 0x0
B: 0x0
C: 0x0
X: 0x0
Y: 0x0
Z: 0x0
F: 0x0
H: 0x0

Echo: 

Program Counter: 12
OPCODE: OUT#NN 0002 BEEF
A: 0x0
B: 0x0
C: 0x0
X: 0x0
Y: 0x0
Z: 0x0
F: 0x0
H: 0x0

Echo: 

Program Counter: 16
OPCODE: OUT#NN 0002 0000
A: 0x0
B: 0x0
C: 0x0
X: 0x0
Y: 0x0
Z: 0x0
F: 0x0
H: 0x0

Echo: 

Program Counter: 20
OPCODE: OUT#NN 0002 0001
A: 0x0
B: 0x0
C: 0x0
X: 0x0
Y: 0x0
Z: 0x0
F: 0x0
H: 0x0

Echo: 

Program Counter: 24
OPCODE: OUT#NN 0002 DEAD
A: 0x0
B: 0x0
C: 0x0
X: 0x0
Y: 0x0
Z: 0x0
F: 0x0
H: 0x0

Echo: 

Program Counter: 28
OPCODE: OUT#NN 0002 0000
A: 0x0
B: 0x0
C: 0x0
X: 0x0
Y: 0x0
Z: 0x0
F: 0x0
H: 0x0

Echo: 

Program Counter: 32
OPCODE: INP#NA 0002 0000
A: 0x0
B: 0x0
C: 0x0
X: 0x0
Y: 0x0
Z: 0x0
F: 0x0
H: 0x0

Echo: 

Program Counter: 36
OPCODE: HLT#NN 0000 0000
A: 0xbeef
B: 0x0
C: 0x0
X: 0x0
Y: 0x0
Z: 0x0
F: 0x0
H: 0x0

Echo: 

Total instructions ran: 9
CON#NN 0002 0002 ;connect external ram to port 2

OUT#NN 0002 000F ;set external ram to WRITE

OUT#NN 0002 DEAD ;select address 0xDEAD

OUT#NN 0002 BEEF ;write data 0xBEEF

OUT#NN 0002 0000    ;send and flush

OUT#NN 0002 0001 ;set external ram to read

OUT#NN 0002 DEAD ;select addr 0xDEAD

OUT#NN 0002 0000 ;send and flush

INP#NA 0002 0000 ;read to reg A

HLT#NN 0000 0000 ;halt





Program Counter: 0
OPCODE: CON#NN 0002 0002
A: 0x0
B: 0x0
C: 0x0
X: 0x0
Y: 0x0
Z: 0x0
F: 0x0
H: 0x0

Echo: 

Program Counter: 4
OPCODE: OUT#NN 0002 000F
A: 0x0
B: 0x0
C: 0x0
X: 0x0
Y: 0x0
Z: 0x0
F: 0x0
H: 0x0

Echo: 

Program Counter: 8
OPCODE: OUT#NN 0002 DEAD
A: 0x0
B: 0x0
C: 0x0
X: 0x0
Y: 0x0
Z: 0x0
F: 0x0
H: 0x0

Echo: 

Program Counter: 12
OPCODE: OUT#NN 0002 BEEF
A: 0x0
B: 0x0
C: 0x0
X: 0x0
Y: 0x0
Z: 0x0
F: 0x0
H: 0x0

Echo: 

Program Counter: 16
OPCODE: OUT#NN 0002 0000
A: 0x0
B: 0x0
C: 0x0
X: 0x0
Y: 0x0
Z: 0x0
F: 0x0
H: 0x0

Echo: 

Program Counter: 20
OPCODE: OUT#NN 0002 0001
A: 0x0
B: 0x0
C: 0x0
X: 0x0
Y: 0x0
Z: 0x0
F: 0x0
H: 0x0

Echo: 

Program Counter: 24
OPCODE: OUT#NN 0002 DEAD
A: 0x0
B: 0x0
C: 0x0
X: 0x0
Y: 0x0
Z: 0x0
F: 0x0
H: 0x0

Echo: 

Program Counter: 28
OPCODE: OUT#NN 0002 0000
A: 0x0
B: 0x0
C: 0x0
X: 0x0
Y: 0x0
Z: 0x0
F: 0x0
H: 0x0

Echo: 

Program Counter: 32
OPCODE: INP#NA 0002 0000
A: 0x0
B: 0x0
C: 0x0
X: 0x0
Y: 0x0
Z: 0x0
F: 0x0
H: 0x0

Echo: 

Program Counter: 36
OPCODE: HLT#NN 0000 0000
A: 0xbeef
B: 0x0
C: 0x0
X: 0x0
Y: 0x0
Z: 0x0
F: 0x0
H: 0x0

Echo: 

Total instructions ran: 9
CON#NN 0002 0002 ;connect external ram to port 2

OUT#NN 0002 000F ;set external ram to WRITE

OUT#NN 0002 DEAD ;select address 0xDEAD

OUT#NN 0002 BEEF ;write data 0xBEEF

OUT#NN 0002 0000    ;send and flush

OUT#NN 0002 0001 ;set external ram to read

OUT#NN 0002 DEAD ;select addr 0xDEAD

OUT#NN 0002 0000 ;send and flush

INP#NA 0002 0000 ;read to reg A

HLT#NN 0000 0000 ;halt





Program Counter: 0
OPCODE: CON#NN 0002 0002
A: 0x0
B: 0x0
C: 0x0
X: 0x0
Y: 0x0
Z: 0x0
F: 0x0
H: 0x0

Echo: 

Program Counter: 4
OPCODE: OUT#NN 0002 000F
A: 0x0
B: 0x0
C: 0x0
X: 0x0
Y: 0x0
Z: 0x0
F: 0x0
H: 0x0

Echo: 

Program Counter: 8
OPCODE: OUT#NN 0002 DEAD
A: 0x0
B: 0x0
C: 0x0
X: 0x0
Y: 0x0
Z: 0x0
F: 0x0
H: 0x0

Echo: 

Program Counter: 12
OPCODE: OUT#NN 0002 BEEF
A: 0x0
B: 0x0
C: 0x0
X: 0x0
Y: 0x0
Z: 0x0
F: 0x0
H: 0x0

Echo: 

Program Counter: 16
OPCODE: OUT#NN 0002 0000
A: 0x0
B: 0x0
C: 0x0
X: 0x0
Y: 0x0
Z: 0x0
F: 0x0
H: 0x0

Echo: 

Program Counter: 20
OPCODE: OUT#NN 0002 0001
A: 0x0
B: 0x0
C: 0x0
X: 0x0
Y: 0x0
Z: 0x0
F: 0x0
H: 0x0

Echo: 

Program Counter: 24
OPCODE: OUT#NN 0002 DEAD
A: 0x0
B: 0x0
C: 0x0
X: 0x0
Y: 0x0
Z: 0x0
F: 0x0
H: 0x0

Echo: 

Program Counter: 28
OPCODE: OUT#NN 0002 0000
A: 0x0
B: 0x0
C: 0x0
X: 0x0
Y: 0x0
Z: 0x0
F: 0x0
H: 0x0

Echo: 

Program Counter: 32
OPCODE: INP#NA 0002 0000
A: 0x0
B: 0x0
C: 0x0
X: 0x0
Y: 0x0
Z: 0x0
F: 0x0
H: 0x0

Echo: 

Program Counter: 36
OPCODE: HLT#NN 0000 0000
A: 0xbeef
B: 0x0
C: 0x0
X: 0x0
Y: 0x0
Z: 0x0
F: 0x0
H: 0x0

Echo: 

Total instructions ran: 9
CON#NN 0002 0002 ;connect external ram to port 2

OUT#NN 0002 000F ;set external ram to WRITE

OUT#NN 0002 DEAD ;select address 0xDEAD

OUT#NN 0002 BEEF ;write data 0xBEEF

OUT#NN 0002 0000    ;send and flush

OUT#NN 0002 0001 ;set external ram to read

OUT#NN 0002 DEAD ;select addr 0xDEAD

OUT#NN 0002 0000 ;send and flush

INP#NA 0002 0000 ;read to reg A

HLT#NN 0000 0000 ;halt





Program Counter: 0
OPCODE: CON#NN 0002 0002
A: 0x0
B: 0x0
C: 0x0
X: 0x0
Y: 0x0
Z: 0x0
F: 0x0
H: 0x0

Echo: 

Program Counter: 4
OPCODE: OUT#NN 0002 000F
A: 0x0
B: 0x0
C: 0x0
X: 0x0
Y: 0x0
Z: 0x0
F: 0x0
H: 0x0

Echo: 

Program Counter: 8
OPCODE: OUT#NN 0002 DEAD
A: 0x0
B: 0x0
C: 0x0
X: 0x0
Y: 0x0
Z: 0x0
F: 0x0
H: 0x0

Echo: 

Program Counter: 12
OPCODE: OUT#NN 0002 BEEF
A: 0x0
B: 0x0
C: 0x0
X: 0x0
Y: 0x0
Z: 0x0
F: 0x0
H: 0x0

Echo: 

Program Counter: 16
OPCODE: OUT#NN 0002 0000
A: 0x0
B: 0x0
C: 0x0
X: 0x0
Y: 0x0
Z: 0x0
F: 0x0
H: 0x0

Echo: 

Program Counter: 20
OPCODE: OUT#NN 0002 0001
A: 0x0
B: 0x0
C: 0x0
X: 0x0
Y: 0x0
Z: 0x0
F: 0x0
H: 0x0

Echo: 

Program Counter: 24
OPCODE: OUT#NN 0002 DEAD
A: 0x0
B: 0x0
C: 0x0
X: 0x0
Y: 0x0
Z: 0x0
F: 0x0
H: 0x0

Echo: 

Program Counter: 28
OPCODE: OUT#NN 0002 0000
A: 0x0
B: 0x0
C: 0x0
X: 0x0
Y: 0x0
Z: 0x0
F: 0x0
H: 0x0

Echo: 

Program Counter: 32
OPCODE: INP#NA 0002 0000
A: 0x0
B: 0x0
C: 0x0
X: 0x0
Y: 0x0
Z: 0x0
F: 0x0
H: 0x0

Echo: 

Program Counter: 36
OPCODE: HLT#NN 0000 0000
A: 0xbeef
B: 0x0
C: 0x0
X: 0x0
Y: 0x0
Z: 0x0
F: 0x0
H: 0x0

Echo: 

Total instructions ran: 9
